  7 урок (сложные моменты).cpp
C:\Users\Мансур\Desktop\Программы\7 урок (сложные моменты)\7 урок (сложные моменты)\7 урок (сложные моменты).cpp(17,41): error C4430: отсутствует спецификатор типа - предполагается int. Примечание. C++ не поддерживает int по умолчанию
C:\Users\Мансур\Desktop\Программы\7 урок (сложные моменты)\7 урок (сложные моменты)\7 урок (сложные моменты).cpp(17,41): error C2143: синтаксическая ошибка: отсутствие "," перед "&"
C:\Users\Мансур\Desktop\Программы\7 урок (сложные моменты)\7 урок (сложные моменты)\7 урок (сложные моменты).cpp(18,34): error C4430: отсутствует спецификатор типа - предполагается int. Примечание. C++ не поддерживает int по умолчанию
C:\Users\Мансур\Desktop\Программы\7 урок (сложные моменты)\7 урок (сложные моменты)\7 урок (сложные моменты).cpp(18,34): error C2143: синтаксическая ошибка: отсутствие "," перед "&"
C:\Users\Мансур\Desktop\Программы\7 урок (сложные моменты)\7 урок (сложные моменты)\7 урок (сложные моменты).cpp(106,1): error C2504: fn: не определен базовый класс
C:\Users\Мансур\Desktop\Программы\7 урок (сложные моменты)\7 урок (сложные моменты)\7 урок (сложные моменты).cpp(108,5): error C3646: studname: неизвестный спецификатор переопределения
C:\Users\Мансур\Desktop\Программы\7 урок (сложные моменты)\7 урок (сложные моменты)\7 урок (сложные моменты).cpp(108,13): error C4430: отсутствует спецификатор типа - предполагается int. Примечание. C++ не поддерживает int по умолчанию
C:\Users\Мансур\Desktop\Программы\7 урок (сложные моменты)\7 урок (сложные моменты)\7 урок (сложные моменты).cpp(155,5): error C3646: getName: неизвестный спецификатор переопределения
C:\Users\Мансур\Desktop\Программы\7 урок (сложные моменты)\7 урок (сложные моменты)\7 урок (сложные моменты).cpp(155,12): error C2059: синтаксическая ошибка: (
C:\Users\Мансур\Desktop\Программы\7 урок (сложные моменты)\7 урок (сложные моменты)\7 урок (сложные моменты).cpp(156,2): error C2334: непредвиденные лексемы перед "{"; пропуск вероятного тела функции
C:\Users\Мансур\Desktop\Программы\7 урок (сложные моменты)\7 урок (сложные моменты)\7 урок (сложные моменты).cpp(117,5): error C2614: Studentik: недопустимая инициализация члена: "studname" не является базовым классом или членом
C:\Users\Мансур\Desktop\Программы\7 урок (сложные моменты)\7 урок (сложные моменты)\7 урок (сложные моменты).cpp(130,15): error C2039: "studname": не является членом "Studentik".
C:\Users\Мансур\Desktop\Программы\7 урок (сложные моменты)\7 урок (сложные моменты)\7 урок (сложные моменты).cpp(105): message : см. объявление "Studentik"
C:\Users\Мансур\Desktop\Программы\7 урок (сложные моменты)\7 урок (сложные моменты)\7 урок (сложные моменты).cpp(149,10): warning C4244: return: преобразование "double" в "int", возможна потеря данных
C:\Users\Мансур\Desktop\Программы\7 урок (сложные моменты)\7 урок (сложные моменты)\7 урок (сложные моменты).cpp(153,11): error C2065: studname: необъявленный идентификатор
C:\Users\Мансур\Desktop\Программы\7 урок (сложные моменты)\7 урок (сложные моменты)\7 урок (сложные моменты).cpp(219,17): error C2011: Studentik: переопределение типа "class"
C:\Users\Мансур\Desktop\Программы\7 урок (сложные моменты)\7 урок (сложные моменты)\7 урок (сложные моменты).cpp(105): message : см. объявление "Studentik"
C:\Users\Мансур\Desktop\Программы\7 урок (сложные моменты)\7 урок (сложные моменты)\7 урок (сложные моменты).cpp(288,23): error C2027: использование неопределенного типа "Studentik"
C:\Users\Мансур\Desktop\Программы\7 урок (сложные моменты)\7 урок (сложные моменты)\7 урок (сложные моменты).cpp(105): message : см. объявление "Studentik"
C:\Users\Мансур\Desktop\Программы\7 урок (сложные моменты)\7 урок (сложные моменты)\7 урок (сложные моменты).cpp(290,1): error C2027: использование неопределенного типа "Studentik"
C:\Users\Мансур\Desktop\Программы\7 урок (сложные моменты)\7 урок (сложные моменты)\7 урок (сложные моменты).cpp(105): message : см. объявление "Studentik"
C:\Users\Мансур\Desktop\Программы\7 урок (сложные моменты)\7 урок (сложные моменты)\7 урок (сложные моменты).cpp(292,1): error C2027: использование неопределенного типа "Studentik"
C:\Users\Мансур\Desktop\Программы\7 урок (сложные моменты)\7 урок (сложные моменты)\7 урок (сложные моменты).cpp(105): message : см. объявление "Studentik"
C:\Users\Мансур\Desktop\Программы\7 урок (сложные моменты)\7 урок (сложные моменты)\7 урок (сложные моменты).cpp(298,23): error C2027: использование неопределенного типа "Studentik"
C:\Users\Мансур\Desktop\Программы\7 урок (сложные моменты)\7 урок (сложные моменты)\7 урок (сложные моменты).cpp(105): message : см. объявление "Studentik"
C:\Users\Мансур\Desktop\Программы\7 урок (сложные моменты)\7 урок (сложные моменты)\7 урок (сложные моменты).cpp(300,1): error C2027: использование неопределенного типа "Studentik"
C:\Users\Мансур\Desktop\Программы\7 урок (сложные моменты)\7 урок (сложные моменты)\7 урок (сложные моменты).cpp(105): message : см. объявление "Studentik"
C:\Users\Мансур\Desktop\Программы\7 урок (сложные моменты)\7 урок (сложные моменты)\7 урок (сложные моменты).cpp(302,1): error C2027: использование неопределенного типа "Studentik"
C:\Users\Мансур\Desktop\Программы\7 урок (сложные моменты)\7 урок (сложные моменты)\7 урок (сложные моменты).cpp(105): message : см. объявление "Studentik"
C:\Users\Мансур\Desktop\Программы\7 урок (сложные моменты)\7 урок (сложные моменты)\7 урок (сложные моменты).cpp(303,1): error C2027: использование неопределенного типа "Studentik"
C:\Users\Мансур\Desktop\Программы\7 урок (сложные моменты)\7 урок (сложные моменты)\7 урок (сложные моменты).cpp(105): message : см. объявление "Studentik"
C:\Users\Мансур\Desktop\Программы\7 урок (сложные моменты)\7 урок (сложные моменты)\7 урок (сложные моменты).cpp(304,1): error C2027: использование неопределенного типа "Studentik"
C:\Users\Мансур\Desktop\Программы\7 урок (сложные моменты)\7 урок (сложные моменты)\7 урок (сложные моменты).cpp(105): message : см. объявление "Studentik"
C:\Users\Мансур\Desktop\Программы\7 урок (сложные моменты)\7 урок (сложные моменты)\7 урок (сложные моменты).cpp(311,24): error C2027: использование неопределенного типа "Studentik"
C:\Users\Мансур\Desktop\Программы\7 урок (сложные моменты)\7 урок (сложные моменты)\7 урок (сложные моменты).cpp(105): message : см. объявление "Studentik"
C:\Users\Мансур\Desktop\Программы\7 урок (сложные моменты)\7 урок (сложные моменты)\7 урок (сложные моменты).cpp(313,1): error C2027: использование неопределенного типа "Studentik"
C:\Users\Мансур\Desktop\Программы\7 урок (сложные моменты)\7 урок (сложные моменты)\7 урок (сложные моменты).cpp(105): message : см. объявление "Studentik"
C:\Users\Мансур\Desktop\Программы\7 урок (сложные моменты)\7 урок (сложные моменты)\7 урок (сложные моменты).cpp(329,15): error C2059: синтаксическая ошибка: ;
C:\Users\Мансур\Desktop\Программы\7 урок (сложные моменты)\7 урок (сложные моменты)\7 урок (сложные моменты).cpp(343,12): error C2079: "stud" использует не имеющую определения структуру class "Studentik"
C:\Users\Мансур\Desktop\Программы\7 урок (сложные моменты)\7 урок (сложные моменты)\7 урок (сложные моменты).cpp(343,91): error C2440: инициализация: невозможно преобразовать "initializer list" в "int"
C:\Users\Мансур\Desktop\Программы\7 урок (сложные моменты)\7 урок (сложные моменты)\7 урок (сложные моменты).cpp(343,16): message : Инициализатор содержит слишком много элементов
C:\Users\Мансур\Desktop\Программы\7 урок (сложные моменты)\7 урок (сложные моменты)\7 урок (сложные моменты).cpp(344,12): error C2079: "stud2" использует не имеющую определения структуру class "Studentik"
C:\Users\Мансур\Desktop\Программы\7 урок (сложные моменты)\7 урок (сложные моменты)\7 урок (сложные моменты).cpp(344,92): error C2440: инициализация: невозможно преобразовать "initializer list" в "int"
C:\Users\Мансур\Desktop\Программы\7 урок (сложные моменты)\7 урок (сложные моменты)\7 урок (сложные моменты).cpp(344,17): message : Инициализатор содержит слишком много элементов
C:\Users\Мансур\Desktop\Программы\7 урок (сложные моменты)\7 урок (сложные моменты)\7 урок (сложные моменты).cpp(345,15): error C2259: "StudentsList": невозможно создать экземпляр абстрактного класса
C:\Users\Мансур\Desktop\Программы\7 урок (сложные моменты)\7 урок (сложные моменты)\7 урок (сложные моменты).cpp(279): message : см. объявление "StudentsList"
C:\Users\Мансур\Desktop\Программы\7 урок (сложные моменты)\7 урок (сложные моменты)\7 урок (сложные моменты).cpp(345,15): message : из-за следующих членов:
C:\Users\Мансур\Desktop\Программы\7 урок (сложные моменты)\7 урок (сложные моменты)\7 урок (сложные моменты).cpp(345,15): message : double IMethods::GetAverageScore(const int): абстрактный
C:\Users\Мансур\Desktop\Программы\7 урок (сложные моменты)\7 урок (сложные моменты)\7 урок (сложные моменты).cpp(17): message : см. объявление "IMethods::GetAverageScore"
C:\Users\Мансур\Desktop\Программы\7 урок (сложные моменты)\7 урок (сложные моменты)\7 урок (сложные моменты).cpp(345,15): message : void IMethods::GetAllInfo(const int): абстрактный
C:\Users\Мансур\Desktop\Программы\7 урок (сложные моменты)\7 урок (сложные моменты)\7 урок (сложные моменты).cpp(18): message : см. объявление "IMethods::GetAllInfo"
C:\Users\Мансур\Desktop\Программы\7 урок (сложные моменты)\7 урок (сложные моменты)\7 урок (сложные моменты).cpp(345,15): message : void IRepository::Open(void): абстрактный
C:\Users\Мансур\Desktop\Программы\7 урок (сложные моменты)\7 урок (сложные моменты)\7 урок (сложные моменты).cpp(13): message : см. объявление "IRepository::Open"
C:\Users\Мансур\Desktop\Программы\7 урок (сложные моменты)\7 урок (сложные моменты)\7 урок (сложные моменты).cpp(345,15): message : void IRepository::Save(void): абстрактный
C:\Users\Мансур\Desktop\Программы\7 урок (сложные моменты)\7 урок (сложные моменты)\7 урок (сложные моменты).cpp(14): message : см. объявление "IRepository::Save"
C:\Users\Мансур\Desktop\Программы\7 урок (сложные моменты)\7 урок (сложные моменты)\7 урок (сложные моменты).cpp(346,21): error C2664: "void StudentsList::push_back(Studentik &)": невозможно преобразовать аргумент 1 из "int" в "Studentik &"
C:\Users\Мансур\Desktop\Программы\7 урок (сложные моменты)\7 урок (сложные моменты)\7 урок (сложные моменты).cpp(316,7): message : см. объявление "StudentsList::push_back"
C:\Users\Мансур\Desktop\Программы\7 урок (сложные моменты)\7 урок (сложные моменты)\7 урок (сложные моменты).cpp(347,22): error C2664: "void StudentsList::push_back(Studentik &)": невозможно преобразовать аргумент 1 из "int" в "Studentik &"
C:\Users\Мансур\Desktop\Программы\7 урок (сложные моменты)\7 урок (сложные моменты)\7 урок (сложные моменты).cpp(316,7): message : см. объявление "StudentsList::push_back"
